<?xml version="1.0" encoding="UTF-8"?>
<testsuite name="com.csc.TestTriangleNumberCalculator" tests="3" skipped="0" failures="0" errors="0" timestamp="2024-10-21T02:04:23" hostname="ZEEL" time="0.051">
  <properties/>
  <testcase name="testAdd()" classname="com.csc.TestTriangleNumberCalculator" time="0.038"/>
  <testcase name="testSubtract()" classname="com.csc.TestTriangleNumberCalculator" time="0.003"/>
  <testcase name="testValue()" classname="com.csc.TestTriangleNumberCalculator" time="0.003"/>
  <system-out><![CDATA[]]></system-out>
  <system-err><![CDATA[]]></system-err>
</testsuite>
